<?xml version="1.0" encoding="UTF-8"?>
<!-- Generated by org.testng.reporters.JUnitXMLReporter -->
<testsuite hostname="LAPTOP-A8F5AB7C" ignored="1" name="Surefire test" tests="3" failures="1" timestamp="2020-06-23T19:10:41 IST" time="30.326" errors="0">
  <testcase name="loginpagetitletest" time="0.011" classname="com.qa.test.LoginPageTest">
    <failure type="java.lang.AssertionError" message="expected [HubSpot Login] but found [Checking browser]">
      <![CDATA[java.lang.AssertionError: expected [HubSpot Login] but found [Checking browser]
at com.qa.test.LoginPageTest.loginpagetitletest(LoginPageTest.java:42)
at java.util.ArrayList.forEach(ArrayList.java:1257)
... Removed 37 stack frames]]>
    </failure>
  </testcase> <!-- loginpagetitletest -->
  <testcase name="loginpagelogotest" time="5.886" classname="com.qa.test.LoginPageTest"/>
  <testcase name="logintest" time="8.794" classname="com.qa.test.LoginPageTest"/>
  <testcase name="invalidlogintest" time="0.0" classname="com.qa.test.LoginPageTest">
    <ignored/>
  </testcase> <!-- invalidlogintest -->
</testsuite> <!-- Surefire test -->
